<?xml version="1.0" encoding="UTF-8"?>
<testsuite name="sbu.cs.FindMultiplesTest" tests="6" skipped="0" failures="0" errors="0" timestamp="2023-04-28T17:04:04" hostname="DESKTOP-6SN73R6" time="0.056">
  <properties/>
  <testcase name="testOne()" classname="sbu.cs.FindMultiplesTest" time="0.015"/>
  <testcase name="testSix()" classname="sbu.cs.FindMultiplesTest" time="0.003"/>
  <testcase name="testTwo()" classname="sbu.cs.FindMultiplesTest" time="0.003"/>
  <testcase name="testThree()" classname="sbu.cs.FindMultiplesTest" time="0.003"/>
  <testcase name="testFive()" classname="sbu.cs.FindMultiplesTest" time="0.025"/>
  <testcase name="testFour()" classname="sbu.cs.FindMultiplesTest" time="0.002"/>
  <system-out><![CDATA[]]></system-out>
  <system-err><![CDATA[]]></system-err>
</testsuite>
